<?xml version="1.0" encoding="UTF-8"?>
<testsuite name="com.lch.book.springboot.web.HelloControllerTest" tests="2" skipped="0" failures="0" errors="0" timestamp="2020-04-07T07:59:45" hostname="DESKTOP-C7DNTTI" time="0.399">
  <properties/>
  <testcase name="hello가_리턴된다" classname="com.lch.book.springboot.web.HelloControllerTest" time="0.136"/>
  <testcase name="helloDto가_리턴된다" classname="com.lch.book.springboot.web.HelloControllerTest" time="0.261"/>
  <system-out><![CDATA[2020-04-07 16:59:43.558  INFO 9884 --- [    Test worker] .b.t.a.w.s.WebMvcTestContextBootstrapper : Neither @ContextConfiguration nor @ContextHierarchy found for test class [com.lch.book.springboot.web.HelloControllerTest], using SpringBootContextLoader
2020-04-07 16:59:43.560  INFO 9884 --- [    Test worker] o.s.t.c.support.AbstractContextLoader    : Could not detect default resource locations for test class [com.lch.book.springboot.web.HelloControllerTest]: no resource found for suffixes {-context.xml, Context.groovy}.
2020-04-07 16:59:43.563  INFO 9884 --- [    Test worker] t.c.s.AnnotationConfigContextLoaderUtils : Could not detect default configuration classes for test class [com.lch.book.springboot.web.HelloControllerTest]: HelloControllerTest does not declare any static, non-private, non-final, nested classes annotated with @Configuration.
2020-04-07 16:59:43.626  INFO 9884 --- [    Test worker] .b.t.c.SpringBootTestContextBootstrapper : Found @SpringBootConfiguration com.lch.book.springboot.Application for test class com.lch.book.springboot.web.HelloControllerTest
2020-04-07 16:59:43.627  INFO 9884 --- [    Test worker] .b.t.a.w.s.WebMvcTestContextBootstrapper : Loaded default TestExecutionListener class names from location [META-INF/spring.factories]: [org.springframework.security.test.context.support.WithSecurityContextTestExecutionListener, org.springframework.security.test.context.support.ReactorContextTestExecutionListener, org.springframework.boot.test.autoconfigure.restdocs.RestDocsTestExecutionListener, org.springframework.boot.test.autoconfigure.web.client.MockRestServiceServerResetTestExecutionListener, org.springframework.boot.test.autoconfigure.web.servlet.MockMvcPrintOnlyOnFailureTestExecutionListener, org.springframework.boot.test.autoconfigure.web.servlet.WebDriverTestExecutionListener, org.springframework.boot.test.mock.mockito.MockitoTestExecutionListener, org.springframework.boot.test.mock.mockito.ResetMocksTestExecutionListener, org.springframework.test.context.web.ServletTestExecutionListener, org.springframework.test.context.support.DirtiesContextBeforeModesTestExecutionListener, org.springframework.test.context.support.DependencyInjectionTestExecutionListener, org.springframework.test.context.support.DirtiesContextTestExecutionListener, org.springframework.test.context.transaction.TransactionalTestExecutionListener, org.springframework.test.context.jdbc.SqlScriptsTestExecutionListener]
2020-04-07 16:59:43.646  INFO 9884 --- [    Test worker] .b.t.a.w.s.WebMvcTestContextBootstrapper : Using TestExecutionListeners: [org.springframework.test.context.web.ServletTestExecutionListener@3cd03ba, org.springframework.test.context.support.DirtiesContextBeforeModesTestExecutionListener@1377aca6, org.springframework.boot.test.mock.mockito.MockitoTestExecutionListener@66a4dc7d, org.springframework.boot.test.autoconfigure.SpringBootDependencyInjectionTestExecutionListener@5266199c, org.springframework.test.context.support.DirtiesContextTestExecutionListener@395d00b9, org.springframework.test.context.transaction.TransactionalTestExecutionListener@176189a8, org.springframework.test.context.jdbc.SqlScriptsTestExecutionListener@5766f80d, org.springframework.security.test.context.support.WithSecurityContextTestExecutionListener@352ea184, org.springframework.security.test.context.support.ReactorContextTestExecutionListener@64a72750, org.springframework.boot.test.autoconfigure.restdocs.RestDocsTestExecutionListener@7f90cea5, org.springframework.boot.test.autoconfigure.web.client.MockRestServiceServerResetTestExecutionListener@1f56f7ca, org.springframework.boot.test.autoconfigure.web.servlet.MockMvcPrintOnlyOnFailureTestExecutionListener@5fb45725, org.springframework.boot.test.autoconfigure.web.servlet.WebDriverTestExecutionListener@2747624, org.springframework.boot.test.mock.mockito.ResetMocksTestExecutionListener@7b686529]

  .   ____          _            __ _ _
 /\\ / ___'_ __ _ _(_)_ __  __ _ \ \ \ \
( ( )\___ | '_ | '_| | '_ \/ _` | \ \ \ \
 \\/  ___)| |_)| | | | | || (_| |  ) ) ) )
  '  |____| .__|_| |_|_| |_\__, | / / / /
 =========|_|==============|___/=/_/_/_/
 :: Spring Boot ::        (v2.1.9.RELEASE)

2020-04-07 16:59:43.715  INFO 9884 --- [    Test worker] c.l.b.s.web.HelloControllerTest          : Starting HelloControllerTest on DESKTOP-C7DNTTI with PID 9884 (started by 이충형 in C:\Users\이충형\IdeaProjects\lch-springboot2-webservice)
2020-04-07 16:59:43.731  INFO 9884 --- [    Test worker] c.l.b.s.web.HelloControllerTest          : No active profile set, falling back to default profiles: default
2020-04-07 16:59:44.358  INFO 9884 --- [    Test worker] o.s.s.concurrent.ThreadPoolTaskExecutor  : Initializing ExecutorService 'applicationTaskExecutor'
2020-04-07 16:59:44.415  INFO 9884 --- [    Test worker] o.s.b.a.w.s.WelcomePageHandlerMapping    : Adding welcome page template: index
2020-04-07 16:59:44.894  INFO 9884 --- [    Test worker] .s.s.UserDetailsServiceAutoConfiguration : 

Using generated security password: 68e676e8-74c8-404b-98a0-eb473a8bb63e

2020-04-07 16:59:45.174  INFO 9884 --- [    Test worker] o.s.s.web.DefaultSecurityFilterChain     : Creating filter chain: any request, [org.springframework.security.web.context.request.async.WebAsyncManagerIntegrationFilter@744b2f90, org.springframework.security.web.context.SecurityContextPersistenceFilter@5c85c27b, org.springframework.security.web.header.HeaderWriterFilter@3f87d54, org.springframework.security.web.csrf.CsrfFilter@2781a966, org.springframework.security.web.authentication.logout.LogoutFilter@d98ae1e, org.springframework.security.web.authentication.UsernamePasswordAuthenticationFilter@23e6ed1e, org.springframework.security.web.authentication.ui.DefaultLoginPageGeneratingFilter@4eb530b5, org.springframework.security.web.authentication.ui.DefaultLogoutPageGeneratingFilter@7d2fe0b7, org.springframework.security.web.authentication.www.BasicAuthenticationFilter@4eda6854, org.springframework.security.web.savedrequest.RequestCacheAwareFilter@6661077c, org.springframework.security.web.servletapi.SecurityContextHolderAwareRequestFilter@2633c439, org.springframework.security.web.authentication.AnonymousAuthenticationFilter@602aaf8e, org.springframework.security.web.session.SessionManagementFilter@29983ed4, org.springframework.security.web.access.ExceptionTranslationFilter@6b9a2887, org.springframework.security.web.access.intercept.FilterSecurityInterceptor@1c919525]
2020-04-07 16:59:45.269  INFO 9884 --- [    Test worker] o.s.b.t.m.w.SpringBootMockServletContext : Initializing Spring TestDispatcherServlet ''
2020-04-07 16:59:45.270  INFO 9884 --- [    Test worker] o.s.t.web.servlet.TestDispatcherServlet  : Initializing Servlet ''
2020-04-07 16:59:45.311  INFO 9884 --- [    Test worker] o.s.t.web.servlet.TestDispatcherServlet  : Completed initialization in 40 ms
2020-04-07 16:59:45.378  INFO 9884 --- [    Test worker] c.l.b.s.web.HelloControllerTest          : Started HelloControllerTest in 1.721 seconds (JVM running for 14.028)
]]></system-out>
  <system-err><![CDATA[]]></system-err>
</testsuite>
