<?xml version="1.0" encoding="UTF-8"?>
<testsuite name="com.lch.book.springboot.web.HelloControllerTest" tests="2" skipped="0" failures="0" errors="0" timestamp="2020-04-07T08:32:41" hostname="DESKTOP-C7DNTTI" time="0.242">
  <properties/>
  <testcase name="hello가_리턴된다" classname="com.lch.book.springboot.web.HelloControllerTest" time="0.109"/>
  <testcase name="helloDto가_리턴된다" classname="com.lch.book.springboot.web.HelloControllerTest" time="0.132"/>
  <system-out><![CDATA[2020-04-07 17:32:40.249  INFO 11684 --- [    Test worker] .b.t.a.w.s.WebMvcTestContextBootstrapper : Neither @ContextConfiguration nor @ContextHierarchy found for test class [com.lch.book.springboot.web.HelloControllerTest], using SpringBootContextLoader
2020-04-07 17:32:40.251  INFO 11684 --- [    Test worker] o.s.t.c.support.AbstractContextLoader    : Could not detect default resource locations for test class [com.lch.book.springboot.web.HelloControllerTest]: no resource found for suffixes {-context.xml, Context.groovy}.
2020-04-07 17:32:40.251  INFO 11684 --- [    Test worker] t.c.s.AnnotationConfigContextLoaderUtils : Could not detect default configuration classes for test class [com.lch.book.springboot.web.HelloControllerTest]: HelloControllerTest does not declare any static, non-private, non-final, nested classes annotated with @Configuration.
2020-04-07 17:32:40.292  INFO 11684 --- [    Test worker] .b.t.c.SpringBootTestContextBootstrapper : Found @SpringBootConfiguration com.lch.book.springboot.Application for test class com.lch.book.springboot.web.HelloControllerTest
2020-04-07 17:32:40.292  INFO 11684 --- [    Test worker] .b.t.a.w.s.WebMvcTestContextBootstrapper : Loaded default TestExecutionListener class names from location [META-INF/spring.factories]: [org.springframework.security.test.context.support.WithSecurityContextTestExecutionListener, org.springframework.security.test.context.support.ReactorContextTestExecutionListener, org.springframework.boot.test.autoconfigure.restdocs.RestDocsTestExecutionListener, org.springframework.boot.test.autoconfigure.web.client.MockRestServiceServerResetTestExecutionListener, org.springframework.boot.test.autoconfigure.web.servlet.MockMvcPrintOnlyOnFailureTestExecutionListener, org.springframework.boot.test.autoconfigure.web.servlet.WebDriverTestExecutionListener, org.springframework.boot.test.mock.mockito.MockitoTestExecutionListener, org.springframework.boot.test.mock.mockito.ResetMocksTestExecutionListener, org.springframework.test.context.web.ServletTestExecutionListener, org.springframework.test.context.support.DirtiesContextBeforeModesTestExecutionListener, org.springframework.test.context.support.DependencyInjectionTestExecutionListener, org.springframework.test.context.support.DirtiesContextTestExecutionListener, org.springframework.test.context.transaction.TransactionalTestExecutionListener, org.springframework.test.context.jdbc.SqlScriptsTestExecutionListener]
2020-04-07 17:32:40.295  INFO 11684 --- [    Test worker] .b.t.a.w.s.WebMvcTestContextBootstrapper : Using TestExecutionListeners: [org.springframework.test.context.web.ServletTestExecutionListener@46775110, org.springframework.test.context.support.DirtiesContextBeforeModesTestExecutionListener@117ed42a, org.springframework.boot.test.mock.mockito.MockitoTestExecutionListener@5f4f6b82, org.springframework.boot.test.autoconfigure.SpringBootDependencyInjectionTestExecutionListener@44b3175, org.springframework.test.context.support.DirtiesContextTestExecutionListener@78480f3d, org.springframework.test.context.transaction.TransactionalTestExecutionListener@1ff05b9a, org.springframework.test.context.jdbc.SqlScriptsTestExecutionListener@3b47309d, org.springframework.security.test.context.support.WithSecurityContextTestExecutionListener@665a7e19, org.springframework.security.test.context.support.ReactorContextTestExecutionListener@5e53a408, org.springframework.boot.test.autoconfigure.restdocs.RestDocsTestExecutionListener@43e208d3, org.springframework.boot.test.autoconfigure.web.client.MockRestServiceServerResetTestExecutionListener@41a30bea, org.springframework.boot.test.autoconfigure.web.servlet.MockMvcPrintOnlyOnFailureTestExecutionListener@74bc1f71, org.springframework.boot.test.autoconfigure.web.servlet.WebDriverTestExecutionListener@370c960a, org.springframework.boot.test.mock.mockito.ResetMocksTestExecutionListener@647ba4a8]

  .   ____          _            __ _ _
 /\\ / ___'_ __ _ _(_)_ __  __ _ \ \ \ \
( ( )\___ | '_ | '_| | '_ \/ _` | \ \ \ \
 \\/  ___)| |_)| | | | | || (_| |  ) ) ) )
  '  |____| .__|_| |_|_| |_\__, | / / / /
 =========|_|==============|___/=/_/_/_/
 :: Spring Boot ::        (v2.1.9.RELEASE)

2020-04-07 17:32:40.362  INFO 11684 --- [    Test worker] c.l.b.s.web.HelloControllerTest          : Starting HelloControllerTest on DESKTOP-C7DNTTI with PID 11684 (started by 이충형 in C:\Users\이충형\IdeaProjects\lch-springboot2-webservice)
2020-04-07 17:32:40.365  INFO 11684 --- [    Test worker] c.l.b.s.web.HelloControllerTest          : No active profile set, falling back to default profiles: default
2020-04-07 17:32:41.190  INFO 11684 --- [    Test worker] o.s.s.concurrent.ThreadPoolTaskExecutor  : Initializing ExecutorService 'applicationTaskExecutor'
2020-04-07 17:32:41.241  INFO 11684 --- [    Test worker] o.s.b.a.w.s.WelcomePageHandlerMapping    : Adding welcome page template: index
2020-04-07 17:32:41.542  INFO 11684 --- [    Test worker] .s.s.UserDetailsServiceAutoConfiguration : 

Using generated security password: cd40d768-a1df-4196-864d-ff97a31032dd

2020-04-07 17:32:41.762  INFO 11684 --- [    Test worker] o.s.s.web.DefaultSecurityFilterChain     : Creating filter chain: any request, [org.springframework.security.web.context.request.async.WebAsyncManagerIntegrationFilter@1427237f, org.springframework.security.web.context.SecurityContextPersistenceFilter@693f4e92, org.springframework.security.web.header.HeaderWriterFilter@6f17bca0, org.springframework.security.web.csrf.CsrfFilter@1dd2149b, org.springframework.security.web.authentication.logout.LogoutFilter@4809077, org.springframework.security.web.authentication.UsernamePasswordAuthenticationFilter@b92d8c6, org.springframework.security.web.authentication.ui.DefaultLoginPageGeneratingFilter@2ae8e9e9, org.springframework.security.web.authentication.ui.DefaultLogoutPageGeneratingFilter@181a6651, org.springframework.security.web.authentication.www.BasicAuthenticationFilter@4242b961, org.springframework.security.web.savedrequest.RequestCacheAwareFilter@7a7e2a07, org.springframework.security.web.servletapi.SecurityContextHolderAwareRequestFilter@28de7b54, org.springframework.security.web.authentication.AnonymousAuthenticationFilter@4fc45d82, org.springframework.security.web.session.SessionManagementFilter@62ec1b15, org.springframework.security.web.access.ExceptionTranslationFilter@644ee399, org.springframework.security.web.access.intercept.FilterSecurityInterceptor@1bf2cd78]
2020-04-07 17:32:41.820  INFO 11684 --- [    Test worker] o.s.b.t.m.w.SpringBootMockServletContext : Initializing Spring TestDispatcherServlet ''
2020-04-07 17:32:41.820  INFO 11684 --- [    Test worker] o.s.t.web.servlet.TestDispatcherServlet  : Initializing Servlet ''
2020-04-07 17:32:41.845  INFO 11684 --- [    Test worker] o.s.t.web.servlet.TestDispatcherServlet  : Completed initialization in 25 ms
2020-04-07 17:32:41.896  INFO 11684 --- [    Test worker] c.l.b.s.web.HelloControllerTest          : Started HelloControllerTest in 1.596 seconds (JVM running for 13.842)
]]></system-out>
  <system-err><![CDATA[]]></system-err>
</testsuite>
