<?xml version="1.0" encoding="UTF-8"?>
<testsuite name="com.lch.book.springboot.web.HelloControllerTest" tests="2" skipped="0" failures="0" errors="0" timestamp="2020-04-07T05:16:38" hostname="DESKTOP-C7DNTTI" time="0.169">
  <properties/>
  <testcase name="hello가_리턴된다" classname="com.lch.book.springboot.web.HelloControllerTest" time="0.077"/>
  <testcase name="helloDto가_리턴된다" classname="com.lch.book.springboot.web.HelloControllerTest" time="0.091"/>
  <system-out><![CDATA[2020-04-07 14:16:37.494  INFO 9484 --- [    Test worker] .b.t.a.w.s.WebMvcTestContextBootstrapper : Neither @ContextConfiguration nor @ContextHierarchy found for test class [com.lch.book.springboot.web.HelloControllerTest], using SpringBootContextLoader
2020-04-07 14:16:37.494  INFO 9484 --- [    Test worker] o.s.t.c.support.AbstractContextLoader    : Could not detect default resource locations for test class [com.lch.book.springboot.web.HelloControllerTest]: no resource found for suffixes {-context.xml, Context.groovy}.
2020-04-07 14:16:37.494  INFO 9484 --- [    Test worker] t.c.s.AnnotationConfigContextLoaderUtils : Could not detect default configuration classes for test class [com.lch.book.springboot.web.HelloControllerTest]: HelloControllerTest does not declare any static, non-private, non-final, nested classes annotated with @Configuration.
2020-04-07 14:16:37.525  INFO 9484 --- [    Test worker] .b.t.c.SpringBootTestContextBootstrapper : Found @SpringBootConfiguration com.lch.book.springboot.Application for test class com.lch.book.springboot.web.HelloControllerTest
2020-04-07 14:16:37.525  INFO 9484 --- [    Test worker] .b.t.a.w.s.WebMvcTestContextBootstrapper : Loaded default TestExecutionListener class names from location [META-INF/spring.factories]: [org.springframework.security.test.context.support.WithSecurityContextTestExecutionListener, org.springframework.security.test.context.support.ReactorContextTestExecutionListener, org.springframework.boot.test.autoconfigure.restdocs.RestDocsTestExecutionListener, org.springframework.boot.test.autoconfigure.web.client.MockRestServiceServerResetTestExecutionListener, org.springframework.boot.test.autoconfigure.web.servlet.MockMvcPrintOnlyOnFailureTestExecutionListener, org.springframework.boot.test.autoconfigure.web.servlet.WebDriverTestExecutionListener, org.springframework.boot.test.mock.mockito.MockitoTestExecutionListener, org.springframework.boot.test.mock.mockito.ResetMocksTestExecutionListener, org.springframework.test.context.web.ServletTestExecutionListener, org.springframework.test.context.support.DirtiesContextBeforeModesTestExecutionListener, org.springframework.test.context.support.DependencyInjectionTestExecutionListener, org.springframework.test.context.support.DirtiesContextTestExecutionListener, org.springframework.test.context.transaction.TransactionalTestExecutionListener, org.springframework.test.context.jdbc.SqlScriptsTestExecutionListener]
2020-04-07 14:16:37.525  INFO 9484 --- [    Test worker] .b.t.a.w.s.WebMvcTestContextBootstrapper : Using TestExecutionListeners: [org.springframework.test.context.web.ServletTestExecutionListener@3f5785f3, org.springframework.test.context.support.DirtiesContextBeforeModesTestExecutionListener@793ea000, org.springframework.boot.test.mock.mockito.MockitoTestExecutionListener@3a8c8730, org.springframework.boot.test.autoconfigure.SpringBootDependencyInjectionTestExecutionListener@573fe284, org.springframework.test.context.support.DirtiesContextTestExecutionListener@54448d8d, org.springframework.test.context.transaction.TransactionalTestExecutionListener@587619a5, org.springframework.test.context.jdbc.SqlScriptsTestExecutionListener@61da09c, org.springframework.security.test.context.support.WithSecurityContextTestExecutionListener@2e9e5919, org.springframework.security.test.context.support.ReactorContextTestExecutionListener@5ec691a2, org.springframework.boot.test.autoconfigure.restdocs.RestDocsTestExecutionListener@369510ee, org.springframework.boot.test.autoconfigure.web.client.MockRestServiceServerResetTestExecutionListener@5de75fe0, org.springframework.boot.test.autoconfigure.web.servlet.MockMvcPrintOnlyOnFailureTestExecutionListener@16d83d4, org.springframework.boot.test.autoconfigure.web.servlet.WebDriverTestExecutionListener@6b4c49da, org.springframework.boot.test.mock.mockito.ResetMocksTestExecutionListener@7540363d]

  .   ____          _            __ _ _
 /\\ / ___'_ __ _ _(_)_ __  __ _ \ \ \ \
( ( )\___ | '_ | '_| | '_ \/ _` | \ \ \ \
 \\/  ___)| |_)| | | | | || (_| |  ) ) ) )
  '  |____| .__|_| |_|_| |_\__, | / / / /
 =========|_|==============|___/=/_/_/_/
 :: Spring Boot ::        (v2.1.9.RELEASE)

2020-04-07 14:16:37.556  INFO 9484 --- [    Test worker] c.l.b.s.web.HelloControllerTest          : Starting HelloControllerTest on DESKTOP-C7DNTTI with PID 9484 (started by 이충형 in C:\Users\이충형\IdeaProjects\lch-springboot2-webservice)
2020-04-07 14:16:37.556  INFO 9484 --- [    Test worker] c.l.b.s.web.HelloControllerTest          : No active profile set, falling back to default profiles: default
2020-04-07 14:16:38.121  INFO 9484 --- [    Test worker] o.s.s.concurrent.ThreadPoolTaskExecutor  : Initializing ExecutorService 'applicationTaskExecutor'
2020-04-07 14:16:38.184  INFO 9484 --- [    Test worker] o.s.b.a.w.s.WelcomePageHandlerMapping    : Adding welcome page template: index
2020-04-07 14:16:38.455  INFO 9484 --- [    Test worker] .s.s.UserDetailsServiceAutoConfiguration : 

Using generated security password: 155899eb-757c-4572-a3a8-bee452e74a30

2020-04-07 14:16:38.592  INFO 9484 --- [    Test worker] o.s.s.web.DefaultSecurityFilterChain     : Creating filter chain: any request, [org.springframework.security.web.context.request.async.WebAsyncManagerIntegrationFilter@70aceee8, org.springframework.security.web.context.SecurityContextPersistenceFilter@27cf1ad4, org.springframework.security.web.header.HeaderWriterFilter@633acbd5, org.springframework.security.web.csrf.CsrfFilter@74fe0065, org.springframework.security.web.authentication.logout.LogoutFilter@72f89024, org.springframework.security.web.authentication.UsernamePasswordAuthenticationFilter@118097d9, org.springframework.security.web.authentication.ui.DefaultLoginPageGeneratingFilter@79c206b0, org.springframework.security.web.authentication.ui.DefaultLogoutPageGeneratingFilter@19d827c4, org.springframework.security.web.authentication.www.BasicAuthenticationFilter@538b6945, org.springframework.security.web.savedrequest.RequestCacheAwareFilter@33b829a9, org.springframework.security.web.servletapi.SecurityContextHolderAwareRequestFilter@6e92868, org.springframework.security.web.authentication.AnonymousAuthenticationFilter@1191b4fb, org.springframework.security.web.session.SessionManagementFilter@67c302ff, org.springframework.security.web.access.ExceptionTranslationFilter@1ac1c440, org.springframework.security.web.access.intercept.FilterSecurityInterceptor@26a7ec65]
2020-04-07 14:16:38.639  INFO 9484 --- [    Test worker] o.s.b.t.m.w.SpringBootMockServletContext : Initializing Spring TestDispatcherServlet ''
2020-04-07 14:16:38.639  INFO 9484 --- [    Test worker] o.s.t.web.servlet.TestDispatcherServlet  : Initializing Servlet ''
2020-04-07 14:16:38.655  INFO 9484 --- [    Test worker] o.s.t.web.servlet.TestDispatcherServlet  : Completed initialization in 16 ms
2020-04-07 14:16:38.702  INFO 9484 --- [    Test worker] c.l.b.s.web.HelloControllerTest          : Started HelloControllerTest in 1.177 seconds (JVM running for 11.039)
]]></system-out>
  <system-err><![CDATA[]]></system-err>
</testsuite>
